生成启动时间为 2018/8/22 21:59:47。
     1>项目“C:\Users\liuhan253\Desktop\新建文件夹\栈\栈\栈.vcxproj”在节点 2 上(build 个目标)。
     1>InitializeBuildStatus:
         正在对“Debug\栈.unsuccessfulbuild”执行 Touch 任务。
       ClCompile:
         C:\Program Files (x86)\Microsoft Visual Studio 10.0\VC\bin\CL.exe /c /ZI /nologo /W3 /WX- /Od /Oy- /D WIN32 /D _DEBUG /D _CONSOLE /D _UNICODE /D UNICODE /Gm /EHsc /RTC1 /MDd /GS /fp:precise /Zc:wchar_t /Zc:forScope /Fo"Debug\\" /Fd"Debug\vc100.pdb" /Gd /TP /analyze- /errorReport:prompt "栈.cpp"
         栈.cpp
     1>c:\users\liuhan253\desktop\新建文件夹\栈\栈\栈.cpp(71): warning C4244: “=”: 从“float”转换到“int”，可能丢失数据
       ManifestResourceCompile:
         C:\Program Files (x86)\Microsoft SDKs\Windows\v7.0A\bin\rc.exe /nologo /fo"Debug\栈.exe.embed.manifest.res" "Debug\栈_manifest.rc" 
       Link:
         C:\Program Files (x86)\Microsoft Visual Studio 10.0\VC\bin\link.exe /ERRORREPORT:PROMPT /OUT:"C:\Users\liuhan253\Desktop\新建文件夹\栈\Debug\栈.exe" /INCREMENTAL /NOLOGO kernel32.lib user32.lib gdi32.lib winspool.lib comdlg32.lib advapi32.lib shell32.lib ole32.lib oleaut32.lib uuid.lib odbc32.lib odbccp32.lib /MANIFEST /ManifestFile:"Debug\栈.exe.intermediate.manifest" /MANIFESTUAC:"level='asInvoker' uiAccess='false'" /DEBUG /PDB:"C:\Users\liuhan253\Desktop\新建文件夹\栈\Debug\栈.pdb" /SUBSYSTEM:CONSOLE /TLBID:1 /DYNAMICBASE /NXCOMPAT /IMPLIB:"C:\Users\liuhan253\Desktop\新建文件夹\栈\Debug\栈.lib" /MACHINE:X86 "Debug\栈.exe.embed.manifest.res"
         "Debug\栈.obj"
       Manifest:
         C:\Program Files (x86)\Microsoft SDKs\Windows\v7.0A\bin\mt.exe /nologo /verbose /out:"Debug\栈.exe.embed.manifest" /manifest "Debug\栈.exe.intermediate.manifest"
         C:\Program Files (x86)\Microsoft SDKs\Windows\v7.0A\bin\rc.exe /nologo /fo"Debug\栈.exe.embed.manifest.res" "Debug\栈_manifest.rc" 
       LinkEmbedManifest:
         C:\Program Files (x86)\Microsoft Visual Studio 10.0\VC\bin\link.exe /ERRORREPORT:PROMPT /OUT:"C:\Users\liuhan253\Desktop\新建文件夹\栈\Debug\栈.exe" /INCREMENTAL /NOLOGO kernel32.lib user32.lib gdi32.lib winspool.lib comdlg32.lib advapi32.lib shell32.lib ole32.lib oleaut32.lib uuid.lib odbc32.lib odbccp32.lib /MANIFEST /ManifestFile:"Debug\栈.exe.intermediate.manifest" /MANIFESTUAC:"level='asInvoker' uiAccess='false'" /DEBUG /PDB:"C:\Users\liuhan253\Desktop\新建文件夹\栈\Debug\栈.pdb" /SUBSYSTEM:CONSOLE /TLBID:1 /DYNAMICBASE /NXCOMPAT /IMPLIB:"C:\Users\liuhan253\Desktop\新建文件夹\栈\Debug\栈.lib" /MACHINE:X86 "Debug\栈.exe.embed.manifest.res"
         "Debug\栈.obj"
         栈.vcxproj -> C:\Users\liuhan253\Desktop\新建文件夹\栈\Debug\栈.exe
       FinalizeBuildStatus:
         正在删除文件“Debug\栈.unsuccessfulbuild”。
         正在对“Debug\栈.lastbuildstate”执行 Touch 任务。
     1>已完成生成项目“C:\Users\liuhan253\Desktop\新建文件夹\栈\栈\栈.vcxproj”(build 个目标)的操作。

生成成功。

已用时间 00:00:02.14
